<?xml version="1.0" encoding="UTF-8"?>
<testsuite xmlns:xsi="http://www.w3.org/2001/XMLSchema-instance" xsi:noNamespaceSchemaLocation="https://maven.apache.org/surefire/maven-surefire-plugin/xsd/surefire-test-report-3.0.xsd" version="3.0" name="my.newtonica.mycucu.RunCucumberTest" time="3.818" tests="10" errors="0" skipped="0" failures="0">
  <properties>
[...]
</properties>
  <testcase name="shri wants to pass data to step" classname="to figure out how column works in cucu" time="0.155">
    <system-out><![CDATA[
@arg @col1
Scenario: shri wants to pass data to step  &amp#27;[90m# my/newtonica/mycucu/column1.feature:4&amp#27;[0m
  &amp#27;[32mGiven &amp#27;[0m&amp#27;[32mI have data in table with 1 column&amp#27;[0m &amp#27;[90m# my.newtonica.mycucu.ColumnStepDefinitions.i_have_1_col_table(java.util.List<java.lang.String>)&amp#27;[0m
    | Fruits |
    | Apple  |
    | Kiwi   |
    | Mango  |
]]></system-out>
    <system-err><![CDATA[Apr 20, 2022 3:11:46 PM my.newtonica.mycucu.ColumnStepDefinitions i_have_1_col_table
INFO: [Fruits, Apple, Kiwi, Mango]
Apr 20, 2022 3:11:46 PM my.newtonica.mycucu.ColumnStepDefinitions i_have_1_col_table
INFO: Fruits
]]></system-err>
  </testcase>
  <testcase name="shri wants to pass data to step" classname="to figure out how column works in cucu" time="0.026">
    <system-out><![CDATA[
@arg @col2
Scenario: shri wants to pass data to step  &amp#27;[90m# my/newtonica/mycucu/column2.feature:4&amp#27;[0m
  &amp#27;[32mGiven &amp#27;[0m&amp#27;[32mI have data in table with 2 column&amp#27;[0m &amp#27;[90m# my.newtonica.mycucu.ColumnStepDefinitions.i_have_2_col_table(java.util.Map<java.lang.String, java.lang.String>)&amp#27;[0m
    | field1 | val1 |
    | field2 | val2 |
    | field3 | val3 |
]]></system-out>
    <system-err><![CDATA[Apr 20, 2022 3:11:46 PM my.newtonica.mycucu.ColumnStepDefinitions i_have_2_col_table
INFO: {field1=val1, field2=val2, field3=val3}
Apr 20, 2022 3:11:46 PM my.newtonica.mycucu.ColumnStepDefinitions i_have_2_col_table
INFO: val2
]]></system-err>
  </testcase>
  <testcase name="shri wants to pass data to step" classname="to figure out how column works in cucu" time="0.021">
    <system-out><![CDATA[
@arg @datatable
Scenario: shri wants to pass data to step   &amp#27;[90m# my/newtonica/mycucu/columnwithDatatable.feature:4&amp#27;[0m
  &amp#27;[32mGiven &amp#27;[0m&amp#27;[32mI have data in table with datatable&amp#27;[0m &amp#27;[90m# my.newtonica.mycucu.ColumnStepDefinitions.i_have_table_col_table(io.cucumber.datatable.DataTable)&amp#27;[0m
    | id  | fname | lname |
    | 123 | shri  | murti |
    | 456 | prem  | kumar |
]]></system-out>
    <system-err><![CDATA[Apr 20, 2022 3:11:46 PM my.newtonica.mycucu.ColumnStepDefinitions i_have_table_col_table
INFO: | id  | fname | lname |
| 123 | shri  | murti |
| 456 | prem  | kumar |

Apr 20, 2022 3:11:46 PM my.newtonica.mycucu.ColumnStepDefinitions i_have_table_col_table
INFO: murti
]]></system-err>
  </testcase>
  <testcase name="shri wants to pass data to step" classname="to figure out how column works in cucu" time="0.015">
    <system-out><![CDATA[
@arg @userdata
Scenario: shri wants to pass data to step    &amp#27;[90m# my/newtonica/mycucu/objectusage.feature:4&amp#27;[0m
  &amp#27;[32mGiven &amp#27;[0m&amp#27;[32mI have data in table with userobject&amp#27;[0m &amp#27;[90m# my.newtonica.mycucu.ObjectStepDefinition.i_have_object_Mapping(java.util.List<com.smalltest.sample.cucumber.User>)&amp#27;[0m
    | id  | fname | lname |
    | 123 | shri  | murti |
    | 456 | prem  | kumar |
]]></system-out>
    <system-err><![CDATA[Apr 20, 2022 3:11:46 PM my.newtonica.mycucu.ObjectStepDefinition i_have_object_Mapping
INFO: [id:fname:lname, 123:shri:murti, 456:prem:kumar]
]]></system-err>
  </testcase>
  <testcase name="shri wants to pass doc string to step" classname="to test docstring usage" time="0.036">
    <system-out><![CDATA[
@arg @docstr
Scenario: shri wants to pass doc string to step &amp#27;[90m# my/newtonica/mycucu/docString.feature:4&amp#27;[0m
  &amp#27;[32mGiven &amp#27;[0m&amp#27;[32mI have data in doc string&amp#27;[0m               &amp#27;[90m# my.newtonica.mycucu.DocStringStepDefinitions.i_have_doc_String(java.lang.String)&amp#27;[0m
]]></system-out>
    <system-err><![CDATA[Apr 20, 2022 3:11:46 PM my.newtonica.mycucu.DocStringStepDefinitions i_have_doc_String
INFO: This can be json data also
or any data in string
]]></system-err>
  </testcase>
  <testcase name="shri wants to pass doc string to step" classname="to test docstring usage" time="0.032">
    <system-out><![CDATA[
@arg @docstrjson
Scenario: shri wants to pass doc string to step &amp#27;[90m# my/newtonica/mycucu/json.feature:4&amp#27;[0m
  &amp#27;[32mGiven &amp#27;[0m&amp#27;[32mI have data in doc string in json&amp#27;[0m       &amp#27;[90m# my.newtonica.mycucu.DocStringStepDefinitions.i_have_doc_json_String(io.cucumber.messages.internal.com.fasterxml.jackson.databind.JsonNode)&amp#27;[0m
]]></system-out>
    <system-err><![CDATA[Apr 20, 2022 3:11:46 PM my.newtonica.mycucu.DocStringStepDefinitions i_have_doc_json_String
INFO: pwd123
]]></system-err>
  </testcase>
  <testcase name="shri wants to different colors" classname="to test Reg Ex usage" time="0.019">
    <system-out><![CDATA[
@arg @regExp
Scenario: shri wants to different colors &amp#27;[90m# my/newtonica/mycucu/regExpression.feature:4&amp#27;[0m
  &amp#27;[32mGiven &amp#27;[0m&amp#27;[32mI have 2 &amp#27;[0m&amp#27;[32m&amp#27;[1mred&amp#27;[0m&amp#27;[32m t-shirts&amp#27;[0m            &amp#27;[90m# my.newtonica.mycucu.DocStringStepDefinitions.colorreg(com.smalltest.sample.cucumber.Color)&amp#27;[0m
  &amp#27;[32mGiven &amp#27;[0m&amp#27;[32mI have 2 &amp#27;[0m&amp#27;[32m&amp#27;[1mblue&amp#27;[0m&amp#27;[32m t-shirts&amp#27;[0m           &amp#27;[90m# my.newtonica.mycucu.DocStringStepDefinitions.colorreg(com.smalltest.sample.cucumber.Color)&amp#27;[0m
]]></system-out>
    <system-err><![CDATA[Apr 20, 2022 3:11:46 PM my.newtonica.mycucu.DocStringStepDefinitions colorreg
INFO: Color:red
Apr 20, 2022 3:11:46 PM my.newtonica.mycucu.DocStringStepDefinitions colorreg
INFO: Color:blue
]]></system-err>
  </testcase>
  <testcase name="Add 100" classname="I want to do Math calculation" time="0.017">
    <system-out><![CDATA[
Scenario: Add 100             &amp#27;[90m# my/newtonica/mycucu/testcalc.feature:4&amp#27;[0m
  &amp#27;[32mGiven &amp#27;[0m&amp#27;[32mUser has a calculator&amp#27;[0m &amp#27;[90m# my.newtonica.mycucu.StepDefinitions.user_has_a_caculator()&amp#27;[0m
  &amp#27;[32mWhen &amp#27;[0m&amp#27;[32muser adds &amp#27;[0m&amp#27;[32m&amp#27;[1m100&amp#27;[0m          &amp#27;[90m# my.newtonica.mycucu.StepDefinitions.user_adds(java.lang.Integer)&amp#27;[0m
  &amp#27;[32mThen &amp#27;[0m&amp#27;[32mresult must be &amp#27;[0m&amp#27;[32m&amp#27;[1m100&amp#27;[0m     &amp#27;[90m# my.newtonica.mycucu.StepDefinitions.initial_test_result_is(java.lang.Integer)&amp#27;[0m
]]></system-out>
  </testcase>
  <testcase name="Add 200" classname="I want to do Math calculation" time="0.014">
    <system-out><![CDATA[
Scenario: Add 200             &amp#27;[90m# my/newtonica/mycucu/testcalc.feature:9&amp#27;[0m
  &amp#27;[32mGiven &amp#27;[0m&amp#27;[32mUser has a calculator&amp#27;[0m &amp#27;[90m# my.newtonica.mycucu.StepDefinitions.user_has_a_caculator()&amp#27;[0m
  &amp#27;[32mWhen &amp#27;[0m&amp#27;[32muser adds &amp#27;[0m&amp#27;[32m&amp#27;[1m200&amp#27;[0m          &amp#27;[90m# my.newtonica.mycucu.StepDefinitions.user_adds(java.lang.Integer)&amp#27;[0m
  &amp#27;[32mThen &amp#27;[0m&amp#27;[32mresult must be &amp#27;[0m&amp#27;[32m&amp#27;[1m200&amp#27;[0m     &amp#27;[90m# my.newtonica.mycucu.StepDefinitions.initial_test_result_is(java.lang.Integer)&amp#27;[0m
]]></system-out>
  </testcase>
  <testcase name="substract" classname="I want to do Math calculation" time="0.013">
    <system-out><![CDATA[
Scenario: substract                   &amp#27;[90m# my/newtonica/mycucu/testcalc.feature:15&amp#27;[0m
  &amp#27;[32mGiven &amp#27;[0m&amp#27;[32mUser has a calculator&amp#27;[0m         &amp#27;[90m# my.newtonica.mycucu.StepDefinitions.user_has_a_caculator()&amp#27;[0m
  &amp#27;[32mWhen &amp#27;[0m&amp#27;[32muser substract &amp#27;[0m&amp#27;[32m&amp#27;[1m200&amp#27;[0m&amp#27;[32m and &amp#27;[0m&amp#27;[32m&amp#27;[1m100&amp#27;[0m     &amp#27;[90m# my.newtonica.mycucu.StepDefinitions.user_substract_and(java.lang.Integer,java.lang.Integer)&amp#27;[0m
  &amp#27;[32mThen &amp#27;[0m&amp#27;[32mresult substracted must be &amp#27;[0m&amp#27;[32m&amp#27;[1m100&amp#27;[0m &amp#27;[90m# my.newtonica.mycucu.StepDefinitions.result_substracted_must_be(java.lang.Integer)&amp#27;[0m
]]></system-out>
  </testcase>
</testsuite>